Command line:
   sumador_isim_beh.exe
     -simmode  gui
     -simrunnum  0
     -socket  34347

Mon May 29 16:53:01 2023


 Elaboration Time: 0.19 sec

 Current Memory Usage: 186.982 Meg

 Total Signals          : 9
 Total Nets             : 27
 Total Signal Drivers   : 18
 Total Blocks           : 2
 Total Primitive Blocks : 2
 Total Processes        : 18
 Total Traceable Variables  : 8
 Total Scalar Nets and Variables : 387
Total Line Count : 18

 Total Simulation Time: 0.24 sec

 Current Memory Usage: 262.484 Meg

Mon May 29 16:55:10 2023

