ISim log file
Running: /home/agustin/Materias/EDI/Trabajos_Practicos/TP3/ProyectosXilink/TP3/ALU_isim_beh.exe -intstyle ise -gui -tclbatch isim.cmd -wdb /home/agustin/Materias/EDI/Trabajos_Practicos/TP3/ProyectosXilink/TP3/ALU_isim_beh.wdb 
ISim P.20131013 (signature 0xfbc00daa)
WARNING: A WEBPACK license was found.
WARNING: Please use Xilinx License Configuration Manager to check out a full ISim license.
WARNING: ISim will run in Lite mode. Please refer to the ISim documentation for more information on the differences between the Lite and the Full version.
This is a Lite version of ISim.
Time resolution is 1 ps
# onerror resume
# wave add /
# run 1000 ns
Simulator is doing circuit initialization process.
Finished circuit initialization process.
# isim force add /alu/a 1000 -radix bin
# isim force add /alu/b 1111 -radix bin
# isim force add /alu/c3 1 -radix bin
# isim force add /alu/c4 1 -radix bin
# run 1.00us
# isim force add /alu/c1 0 -radix bin
# isim force add /alu/c2 0 -radix bin
# run 1.00us
# isim force add /alu/c3 0 -radix bin
# run 1.00us
# isim force add /alu/c3 1 -radix bin
# run 1.00us
# isim force add /alu/a 1010 -radix bin
# isim force add /alu/c4 0 -radix bin
# run 1.00us
# isim force add /alu/c3 0 -radix bin
# run 1.00us
# run 1.00us
# isim force add /alu/c4 1 -radix bin
# run 1.00us
# isim force add /alu/c4 0 -radix bin
# run 1.00us
# isim force add /alu/c1 1 -radix bin
# run 1.00us
# isim force add /alu/a 1000 -radix bin
# isim force add /alu/c4 1 -radix bin
# run 1.00us
# isim force add /alu/c3 1 -radix bin
# run 1.00us
# exit 0
